<?xml version="1.0" encoding="UTF-8"?>
<!-- Generated by org.testng.reporters.JUnitReportReporter -->
<testsuite ignored="0" hostname="ECM-AUR0970" failures="0" tests="2" name="tests.First" time="8.581" errors="0" timestamp="14 Dec 2019 06:43:39 GMT" skipped="0">
  <testcase classname="tests.First" name="openMyBlog1" time="2.453"/>
  <testcase classname="tests.First" name="openMyBlog2" time="6.128"/>
</testsuite> <!-- tests.First -->
