<?xml version="1.0" encoding="UTF-8"?>
<!-- Generated by org.testng.reporters.JUnitReportReporter -->
<testsuite ignored="0" hostname="ECM-AUR0970" failures="0" tests="1" name="tests.First" time="2.817" errors="0" timestamp="10 Dec 2019 11:03:48 GMT" skipped="0">
  <testcase classname="tests.First" name="openMyBlog" time="2.817"/>
</testsuite> <!-- tests.First -->
